
> reactjs-cart-demo@0.1.0 start /home/pat/repository/git/reactjs-cart-demo
> react-scripts start

Starting the development server...

Compiled with warnings.

./src/components/TopNav.js
  Line 15:  Links must not point to "#". Use a more descriptive href or use a button instead  jsx-a11y/href-no-hash

./src/App.js
  Line 3:  'logo' is defined but never used  no-unused-vars

Search for the keywords to learn more about each warning.
To ignore, add // eslint-disable-next-line to the line before.

Terminated
npm ERR! code ELIFECYCLE
npm ERR! errno 143
npm ERR! reactjs-cart-demo@0.1.0 start: `react-scripts start`
npm ERR! Exit status 143
npm ERR! 
npm ERR! Failed at the reactjs-cart-demo@0.1.0 start script.
npm ERR! This is probably not a problem with npm. There is likely additional logging output above.

npm ERR! A complete log of this run can be found in:
npm ERR!     /home/pat/.npm/_logs/2018-03-29T18_55_09_824Z-debug.log
